build/app/intermediates/manifest_merge_blame_file/debug/manifest-merger-blame-debug-report.txt
1<?xml version="1.0" encoding="utf-8"?>
2<manifest xmlns:android="http://schemas.android.com/apk/res/android"
3    package="com.flutter.challenge"
4    android:versionCode="1"
5    android:versionName="1.0.0" >
6
7    <uses-sdk
8        android:minSdkVersion="19"
9        android:targetSdkVersion="28" />
10    <!--
11         The INTERNET permission is required for development. Specifically,
12         the Flutter tool needs it to communicate with the running application
13         to allow setting breakpoints, to provide hot reload, etc.
14    -->
15    <uses-permission android:name="android.permission.INTERNET" />
15-->src/main/AndroidManifest.xml:4:5-66
15-->src/main/AndroidManifest.xml:4:22-64
16    <uses-permission android:name="android.permission.ACCESS_NETWORK_STATE" />
16-->src/main/AndroidManifest.xml:3:5-79
16-->src/main/AndroidManifest.xml:3:22-76
17
18    <application
19        android:name="android.app.Application"
20        android:appComponentFactory="androidx.core.app.CoreComponentFactory"
20-->[androidx.core:core:1.6.0] AndroidManifest.xml:24:18-86
21        android:debuggable="true"
22        android:icon="@mipmap/ic_launcher"
23        android:label="flutter_challenge" >
24        <activity
25            android:name="com.flutter.challenge.MainActivity"
26            android:configChanges="orientation|keyboardHidden|keyboard|screenSize|smallestScreenSize|locale|layoutDirection|fontScale|screenLayout|density|uiMode"
27            android:exported="true"
28            android:hardwareAccelerated="true"
29            android:launchMode="singleTop"
30            android:theme="@style/LaunchTheme"
31            android:windowSoftInputMode="adjustResize" >
32
33            <!--
34                 Specifies an Android theme to apply to this Activity as soon as
35                 the Android process has started. This theme is visible to the user
36                 while the Flutter UI initializes. After that, this theme continues
37                 to determine the Window background behind the Flutter UI.
38            -->
39            <meta-data
40                android:name="io.flutter.embedding.android.NormalTheme"
41                android:resource="@style/NormalTheme" />
42
43            <intent-filter>
44                <action android:name="android.intent.action.MAIN" />
45
46                <category android:name="android.intent.category.LAUNCHER" />
47            </intent-filter>
48        </activity>
49        <!--
50             Don't delete the meta-data below.
51             This is used by the Flutter tool to generate GeneratedPluginRegistrant.java
52        -->
53        <meta-data
54            android:name="flutterEmbedding"
55            android:value="2" />
56
57        <service
57-->[:firebase_storage] AndroidManifest.xml:10:9-14:19
58            android:name="com.google.firebase.components.ComponentDiscoveryService"
58-->[:firebase_storage] AndroidManifest.xml:10:18-89
59            android:directBootAware="true"
59-->[com.google.firebase:firebase-common:20.1.1] AndroidManifest.xml:35:13-43
60            android:exported="false" >
60-->[com.google.firebase:firebase-firestore:24.1.2] AndroidManifest.xml:19:13-37
61            <meta-data
61-->[:firebase_storage] AndroidManifest.xml:11:13-13:85
62                android:name="com.google.firebase.components:io.flutter.plugins.firebase.storage.FlutterFirebaseAppRegistrar"
62-->[:firebase_storage] AndroidManifest.xml:12:17-126
63                android:value="com.google.firebase.components.ComponentRegistrar" />
63-->[:firebase_storage] AndroidManifest.xml:13:17-82
64            <meta-data
64-->[:cloud_firestore] AndroidManifest.xml:11:13-13:85
65                android:name="com.google.firebase.components:io.flutter.plugins.firebase.firestore.FlutterFirebaseFirestoreRegistrar"
65-->[:cloud_firestore] AndroidManifest.xml:12:17-134
66                android:value="com.google.firebase.components.ComponentRegistrar" />
66-->[:cloud_firestore] AndroidManifest.xml:13:17-82
67            <meta-data
67-->[:firebase_core] AndroidManifest.xml:11:13-13:85
68                android:name="com.google.firebase.components:io.flutter.plugins.firebase.core.FlutterFirebaseCoreRegistrar"
68-->[:firebase_core] AndroidManifest.xml:12:17-124
69                android:value="com.google.firebase.components.ComponentRegistrar" />
69-->[:firebase_core] AndroidManifest.xml:13:17-82
70            <meta-data
70-->[com.google.firebase:firebase-firestore:24.1.2] AndroidManifest.xml:20:13-22:85
71                android:name="com.google.firebase.components:com.google.firebase.firestore.FirestoreRegistrar"
71-->[com.google.firebase:firebase-firestore:24.1.2] AndroidManifest.xml:21:17-111
72                android:value="com.google.firebase.components.ComponentRegistrar" />
72-->[com.google.firebase:firebase-firestore:24.1.2] AndroidManifest.xml:22:17-82
73            <meta-data
73-->[com.google.firebase:firebase-storage:20.0.1] AndroidManifest.xml:33:13-35:85
74                android:name="com.google.firebase.components:com.google.firebase.storage.StorageRegistrar"
74-->[com.google.firebase:firebase-storage:20.0.1] AndroidManifest.xml:34:17-107
75                android:value="com.google.firebase.components.ComponentRegistrar" />
75-->[com.google.firebase:firebase-storage:20.0.1] AndroidManifest.xml:35:17-82
76        </service>
77
78        <provider
78-->[:image_picker_android] AndroidManifest.xml:10:9-18:20
79            android:name="io.flutter.plugins.imagepicker.ImagePickerFileProvider"
79-->[:image_picker_android] AndroidManifest.xml:11:13-82
80            android:authorities="com.flutter.challenge.flutter.image_provider"
80-->[:image_picker_android] AndroidManifest.xml:12:13-74
81            android:exported="false"
81-->[:image_picker_android] AndroidManifest.xml:13:13-37
82            android:grantUriPermissions="true" >
82-->[:image_picker_android] AndroidManifest.xml:14:13-47
83            <meta-data
83-->[:image_picker_android] AndroidManifest.xml:15:13-17:75
84                android:name="android.support.FILE_PROVIDER_PATHS"
84-->[:image_picker_android] AndroidManifest.xml:16:17-67
85                android:resource="@xml/flutter_image_picker_file_paths" />
85-->[:image_picker_android] AndroidManifest.xml:17:17-72
86        </provider>
87
88        <uses-library
88-->[androidx.window:window:1.0.0-beta04] AndroidManifest.xml:25:9-27:40
89            android:name="androidx.window.extensions"
89-->[androidx.window:window:1.0.0-beta04] AndroidManifest.xml:26:13-54
90            android:required="false" />
90-->[androidx.window:window:1.0.0-beta04] AndroidManifest.xml:27:13-37
91        <uses-library
91-->[androidx.window:window:1.0.0-beta04] AndroidManifest.xml:28:9-30:40
92            android:name="androidx.window.sidecar"
92-->[androidx.window:window:1.0.0-beta04] AndroidManifest.xml:29:13-51
93            android:required="false" />
93-->[androidx.window:window:1.0.0-beta04] AndroidManifest.xml:30:13-37
94
95        <provider
95-->[com.google.firebase:firebase-common:20.1.1] AndroidManifest.xml:26:9-31:39
96            android:name="com.google.firebase.provider.FirebaseInitProvider"
96-->[com.google.firebase:firebase-common:20.1.1] AndroidManifest.xml:27:13-77
97            android:authorities="com.flutter.challenge.firebaseinitprovider"
97-->[com.google.firebase:firebase-common:20.1.1] AndroidManifest.xml:28:13-72
98            android:directBootAware="true"
98-->[com.google.firebase:firebase-common:20.1.1] AndroidManifest.xml:29:13-43
99            android:exported="false"
99-->[com.google.firebase:firebase-common:20.1.1] AndroidManifest.xml:30:13-37
100            android:initOrder="100" />
100-->[com.google.firebase:firebase-common:20.1.1] AndroidManifest.xml:31:13-36
101
102        <activity
102-->[com.google.android.gms:play-services-base:18.0.1] AndroidManifest.xml:20:9-22:45
103            android:name="com.google.android.gms.common.api.GoogleApiActivity"
103-->[com.google.android.gms:play-services-base:18.0.1] AndroidManifest.xml:20:19-85
104            android:exported="false"
104-->[com.google.android.gms:play-services-base:18.0.1] AndroidManifest.xml:22:19-43
105            android:theme="@android:style/Theme.Translucent.NoTitleBar" />
105-->[com.google.android.gms:play-services-base:18.0.1] AndroidManifest.xml:21:19-78
106
107        <meta-data
107-->[com.google.android.gms:play-services-basement:18.0.0] AndroidManifest.xml:21:9-23:69
108            android:name="com.google.android.gms.version"
108-->[com.google.android.gms:play-services-basement:18.0.0] AndroidManifest.xml:22:13-58
109            android:value="@integer/google_play_services_version" />
109-->[com.google.android.gms:play-services-basement:18.0.0] AndroidManifest.xml:23:13-66
110    </application>
111
112</manifest>